<?xml version="1.0" encoding="UTF-8"?>
<!-- Generated by org.testng.reporters.JUnitReportReporter -->
<testsuite skipped="0" hostname="DBC-000564" name="br.com.ifood.steps.LandingSteps" tests="3" failures="0" timestamp="2022-11-11T22:28:13 GMT-03:00" time="28.448" errors="0">
  <testcase name="deveInformarEnderecoEscolhidoNavBar" time="9.572" classname="br.com.ifood.steps.LandingSteps"/>
  <system-out/>
  <testcase name="deveRetornarMensagemErroAoInformarEnderecoInvalido" time="12.494" classname="br.com.ifood.steps.LandingSteps"/>
  <system-out/>
  <testcase name="deveInformarUsuarioParaBuscarEnderecoCasoCampoEstejaVazio" time="6.382" classname="br.com.ifood.steps.LandingSteps"/>
  <system-out/>
</testsuite> <!-- br.com.ifood.steps.LandingSteps -->
